<?xml version="1.0" encoding="UTF-8"?>
<!-- Generated by org.testng.reporters.JUnitXMLReporter -->
<testsuite ignored="0" hostname="DESKTOP-TI49TLR" failures="1" tests="16" name="Test" time="24.316" errors="0" timestamp="2023-07-06T12:38:12 IST">
  <testcase classname="datadriventesting.LoginToActitime" name="loginActitimeTest" time="24.052"/>
  <testcase classname="practicetestng.DemoTestNg" name="demoTest" time="0.008"/>
  <testcase classname="practicetestng.TestNgExceptionExample" name="createCustomer" time="0.007"/>
  <testcase classname="practicetestng.TestNgExceptionExample" name="createCustomer" time="0.003"/>
  <testcase classname="practicetestng.TestNgExceptionExample" name="createCustomer" time="0.005"/>
  <testcase classname="practicetestng.TestNgExceptionExample" name="modifyCustomer" time="0.013"/>
  <testcase classname="practicetestng.TestNgExceptionExample" name="deleteCustomer" time="0.005"/>
  <testcase classname="practicetestng.TaskModule" name="createTask" time="0.004"/>
  <testcase classname="practicetestng.TaskModule" name="deleteTask" time="0.012"/>
  <testcase classname="practicetestng.TaskModule" name="modifyTask" time="0.003"/>
  <testcase classname="practicetestng.CustomerModule" name="createCustomer" time="0.013">
    <failure type="java.lang.AssertionError" message="null">
      <![CDATA[java.lang.AssertionError: null
at practicetestng.CustomerModule.createCustomer(CustomerModule.java:12)
at java.base/java.util.ArrayList.forEach(ArrayList.java:1511)
... Removed 27 stack frames]]>
    </failure>
  </testcase> <!-- createCustomer -->
  <testcase classname="practicetestng.CustomerModule" name="modifyCustomer" time="0.0">
    <skipped/>
  </testcase> <!-- modifyCustomer -->
  <testcase classname="practicetestng.CustomerModule" name="deleteCustomer" time="0.0">
    <skipped/>
  </testcase> <!-- deleteCustomer -->
  <testcase classname="practicetestng.ProjectModule" name="createProject" time="0.004"/>
  <testcase classname="practicetestng.ProjectModule" name="deleteProject" time="0.003"/>
  <testcase classname="practicetestng.ProjectModule" name="modifyProject" time="0.005"/>
</testsuite> <!-- Test -->
